Started by user [8mha:////4PuwRAKA4DBdyl6MKWce96E0Sib0uScJuSaIFs0gmIxqAAAAlh+LCAAAAAAAAP9b85aBtbiIQTGjNKU4P08vOT+vOD8nVc83PyU1x6OyILUoJzMv2y+/JJUBAhiZGBgqihhk0NSjKDWzXb3RdlLBUSYGJk8GtpzUvPSSDB8G5tKinBIGIZ+sxLJE/ZzEvHT94JKizLx0a6BxUmjGOUNodHsLgAyWEgYu/dLi1CL9ovz8EgDKVWzSvwAAAA==[0malex
Running as SYSTEM
Building in workspace /var/lib/jenkins/workspace/maven1
[maven1] $ /bin/sh -xe /tmp/jenkins4371012009758460756.sh
+ ssh -o StrictHostKeyChecking=no -i /var/lib/jenkins/id_rsa alex@192.168.0.69 'mvn clean deploy'
[INFO] Scanning for projects...
[INFO] ------------------------------------------------------------------------
[INFO] BUILD FAILURE
[INFO] ------------------------------------------------------------------------
[INFO] Total time: 0.228 s
[INFO] Finished at: 2021-06-03T17:40:54+03:00
[INFO] ------------------------------------------------------------------------
[ERROR] The goal you specified requires a project to execute but there is no POM in this directory (/home/alex). Please verify you invoked Maven from the correct directory. -> [Help 1]
[ERROR] 
[ERROR] To see the full stack trace of the errors, re-run Maven with the -e switch.
[ERROR] Re-run Maven using the -X switch to enable full debug logging.
[ERROR] 
[ERROR] For more information about the errors and possible solutions, please read the following articles:
[ERROR] [Help 1] http://cwiki.apache.org/confluence/display/MAVEN/MissingProjectException
Build step 'Execute shell' marked build as failure
Finished: FAILURE
